  Server_practice.cpp
C:\Users\gram\Desktop\Development\github\KDT_SF_2nd\MySQL\project\chattingServer\Server_practice.cpp(114,9): error C2679: 이항 '<<': 오른쪽 피연산자로 'SOCKET_INFO' 형식을 사용하는 연산자가 없거나 허용되는 변환이 없습니다.
C:\Program Files\Microsoft Visual Studio\2022\Community\VC\Tools\MSVC\14.35.32215\include\ostream(475,39): message : 'std::basic_ostream<char,std::char_traits<char>> &std::basic_ostream<char,std::char_traits<char>>::operator <<(std::basic_streambuf<char,std::char_traits<char>> *)'일 수 있습니다.
C:\Program Files\Microsoft Visual Studio\2022\Community\VC\Tools\MSVC\14.35.32215\include\ostream(443,39): message : 또는       'std::basic_ostream<char,std::char_traits<char>> &std::basic_ostream<char,std::char_traits<char>>::operator <<(const void *)'
C:\Program Files\Microsoft Visual Studio\2022\Community\VC\Tools\MSVC\14.35.32215\include\ostream(425,39): message : 또는       'std::basic_ostream<char,std::char_traits<char>> &std::basic_ostream<char,std::char_traits<char>>::operator <<(long double)'
C:\Program Files\Microsoft Visual Studio\2022\Community\VC\Tools\MSVC\14.35.32215\include\ostream(407,39): message : 또는       'std::basic_ostream<char,std::char_traits<char>> &std::basic_ostream<char,std::char_traits<char>>::operator <<(double)'
C:\Program Files\Microsoft Visual Studio\2022\Community\VC\Tools\MSVC\14.35.32215\include\ostream(389,39): message : 또는       'std::basic_ostream<char,std::char_traits<char>> &std::basic_ostream<char,std::char_traits<char>>::operator <<(float)'
C:\Program Files\Microsoft Visual Studio\2022\Community\VC\Tools\MSVC\14.35.32215\include\ostream(371,39): message : 또는       'std::basic_ostream<char,std::char_traits<char>> &std::basic_ostream<char,std::char_traits<char>>::operator <<(unsigned __int64)'
C:\Program Files\Microsoft Visual Studio\2022\Community\VC\Tools\MSVC\14.35.32215\include\ostream(353,39): message : 또는       'std::basic_ostream<char,std::char_traits<char>> &std::basic_ostream<char,std::char_traits<char>>::operator <<(__int64)'
C:\Program Files\Microsoft Visual Studio\2022\Community\VC\Tools\MSVC\14.35.32215\include\ostream(335,39): message : 또는       'std::basic_ostream<char,std::char_traits<char>> &std::basic_ostream<char,std::char_traits<char>>::operator <<(unsigned long)'
C:\Program Files\Microsoft Visual Studio\2022\Community\VC\Tools\MSVC\14.35.32215\include\ostream(317,39): message : 또는       'std::basic_ostream<char,std::char_traits<char>> &std::basic_ostream<char,std::char_traits<char>>::operator <<(long)'
C:\Program Files\Microsoft Visual Studio\2022\Community\VC\Tools\MSVC\14.35.32215\include\ostream(298,39): message : 또는       'std::basic_ostream<char,std::char_traits<char>> &std::basic_ostream<char,std::char_traits<char>>::operator <<(unsigned int)'
C:\Program Files\Microsoft Visual Studio\2022\Community\VC\Tools\MSVC\14.35.32215\include\ostream(272,39): message : 또는       'std::basic_ostream<char,std::char_traits<char>> &std::basic_ostream<char,std::char_traits<char>>::operator <<(int)'
C:\Program Files\Microsoft Visual Studio\2022\Community\VC\Tools\MSVC\14.35.32215\include\ostream(253,39): message : 또는       'std::basic_ostream<char,std::char_traits<char>> &std::basic_ostream<char,std::char_traits<char>>::operator <<(unsigned short)'
C:\Program Files\Microsoft Visual Studio\2022\Community\VC\Tools\MSVC\14.35.32215\include\ostream(219,39): message : 또는       'std::basic_ostream<char,std::char_traits<char>> &std::basic_ostream<char,std::char_traits<char>>::operator <<(short)'
C:\Program Files\Microsoft Visual Studio\2022\Community\VC\Tools\MSVC\14.35.32215\include\ostream(201,39): message : 또는       'std::basic_ostream<char,std::char_traits<char>> &std::basic_ostream<char,std::char_traits<char>>::operator <<(bool)'
C:\Program Files\Microsoft Visual Studio\2022\Community\VC\Tools\MSVC\14.35.32215\include\ostream(195,39): message : 또는       'std::basic_ostream<char,std::char_traits<char>> &std::basic_ostream<char,std::char_traits<char>>::operator <<(std::ios_base &(__cdecl *)(std::ios_base &))'
C:\Program Files\Microsoft Visual Studio\2022\Community\VC\Tools\MSVC\14.35.32215\include\ostream(189,39): message : 또는       'std::basic_ostream<char,std::char_traits<char>> &std::basic_ostream<char,std::char_traits<char>>::operator <<(std::basic_ios<char,std::char_traits<char>> &(__cdecl *)(std::basic_ios<char,std::char_traits<char>> &))'
C:\Program Files\Microsoft Visual Studio\2022\Community\VC\Tools\MSVC\14.35.32215\include\ostream(184,39): message : 또는       'std::basic_ostream<char,std::char_traits<char>> &std::basic_ostream<char,std::char_traits<char>>::operator <<(std::basic_ostream<char,std::char_traits<char>> &(__cdecl *)(std::basic_ostream<char,std::char_traits<char>> &))'
C:\Program Files\Microsoft Visual Studio\2022\Community\VC\Tools\MSVC\14.35.32215\include\xstring(5366,32): message : 또는       'std::basic_ostream<_Elem,_Traits> &std::operator <<(std::basic_ostream<_Elem,_Traits> &,const std::basic_string<_Elem,_Traits,_Alloc> &)'
C:\Users\gram\Desktop\Development\github\KDT_SF_2nd\MySQL\project\chattingServer\Server_practice.cpp(114,9): message : 'std::basic_ostream<_Elem,_Traits> &std::operator <<(std::basic_ostream<_Elem,_Traits> &,const std::basic_string<_Elem,_Traits,_Alloc> &)': 'SOCKET_INFO'에서 'const std::basic_string<_Elem,_Traits,_Alloc> &'에 대한 템플릿 인수를 추론할 수 없습니다.
C:\Program Files\Microsoft Visual Studio\2022\Community\VC\Tools\MSVC\14.35.32215\include\memory(1875,32): message : 또는       'std::basic_ostream<_Elem,_Traits> &std::operator <<(std::basic_ostream<_Elem,_Traits> &,const std::shared_ptr<_Ty> &)'
C:\Users\gram\Desktop\Development\github\KDT_SF_2nd\MySQL\project\chattingServer\Server_practice.cpp(114,9): message : 'std::basic_ostream<_Elem,_Traits> &std::operator <<(std::basic_ostream<_Elem,_Traits> &,const std::shared_ptr<_Ty> &)': 'SOCKET_INFO'에서 'const std::shared_ptr<_Ty> &'에 대한 템플릿 인수를 추론할 수 없습니다.
C:\Program Files\Microsoft Visual Studio\2022\Community\VC\Tools\MSVC\14.35.32215\include\memory(3557,32): message : 또는       'std::basic_ostream<_Elem,_Traits> &std::operator <<(std::basic_ostream<_Elem,_Traits> &,const std::unique_ptr<_Ty2,_Dx2> &)'
C:\Users\gram\Desktop\Development\github\KDT_SF_2nd\MySQL\project\chattingServer\Server_practice.cpp(114,9): message : 'std::basic_ostream<_Elem,_Traits> &std::operator <<(std::basic_ostream<_Elem,_Traits> &,const std::unique_ptr<_Ty2,_Dx2> &)': 'SOCKET_INFO'에서 'const std::unique_ptr<_Ty2,_Dx2> &'에 대한 템플릿 인수를 추론할 수 없습니다.
C:\Program Files\Microsoft Visual Studio\2022\Community\VC\Tools\MSVC\14.35.32215\include\ostream(681,32): message : 또는       'std::basic_ostream<_Elem,_Traits> &std::operator <<(std::basic_ostream<_Elem,_Traits> &,const char *)'
C:\Users\gram\Desktop\Development\github\KDT_SF_2nd\MySQL\project\chattingServer\Server_practice.cpp(114,17): message : '초기화 중': 'SOCKET_INFO'에서 'const char *'(으)로 변환할 수 없습니다.
C:\Users\gram\Desktop\Development\github\KDT_SF_2nd\MySQL\project\chattingServer\Server_practice.cpp(114,17): message : 이 변환을 수행할 수 있는 사용 가능한 사용자 정의 변환 연산자가 없거나 연산자를 호출할 수 없습니다.
C:\Program Files\Microsoft Visual Studio\2022\Community\VC\Tools\MSVC\14.35.32215\include\ostream(725,32): message : 또는       'std::basic_ostream<_Elem,_Traits> &std::operator <<(std::basic_ostream<_Elem,_Traits> &,char)'
C:\Users\gram\Desktop\Development\github\KDT_SF_2nd\MySQL\project\chattingServer\Server_practice.cpp(114,17): message : '초기화 중': 'SOCKET_INFO'에서 'char'(으)로 변환할 수 없습니다.
C:\Users\gram\Desktop\Development\github\KDT_SF_2nd\MySQL\project\chattingServer\Server_practice.cpp(114,17): message : 이 변환을 수행할 수 있는 사용 가능한 사용자 정의 변환 연산자가 없거나 연산자를 호출할 수 없습니다.
C:\Program Files\Microsoft Visual Studio\2022\Community\VC\Tools\MSVC\14.35.32215\include\ostream(761,31): message : 또는       'std::basic_ostream<char,_Traits> &std::operator <<(std::basic_ostream<char,_Traits> &,const char *)'
C:\Users\gram\Desktop\Development\github\KDT_SF_2nd\MySQL\project\chattingServer\Server_practice.cpp(114,17): message : '초기화 중': 'SOCKET_INFO'에서 'const char *'(으)로 변환할 수 없습니다.
C:\Users\gram\Desktop\Development\github\KDT_SF_2nd\MySQL\project\chattingServer\Server_practice.cpp(114,17): message : 이 변환을 수행할 수 있는 사용 가능한 사용자 정의 변환 연산자가 없거나 연산자를 호출할 수 없습니다.
C:\Program Files\Microsoft Visual Studio\2022\Community\VC\Tools\MSVC\14.35.32215\include\ostream(806,31): message : 또는       'std::basic_ostream<char,_Traits> &std::operator <<(std::basic_ostream<char,_Traits> &,char)'
C:\Users\gram\Desktop\Development\github\KDT_SF_2nd\MySQL\project\chattingServer\Server_practice.cpp(114,17): message : '초기화 중': 'SOCKET_INFO'에서 'char'(으)로 변환할 수 없습니다.
C:\Users\gram\Desktop\Development\github\KDT_SF_2nd\MySQL\project\chattingServer\Server_practice.cpp(114,17): message : 이 변환을 수행할 수 있는 사용 가능한 사용자 정의 변환 연산자가 없거나 연산자를 호출할 수 없습니다.
C:\Program Files\Microsoft Visual Studio\2022\Community\VC\Tools\MSVC\14.35.32215\include\ostream(844,32): message : 또는       'std::basic_ostream<_Elem,_Traits> &std::operator <<(std::basic_ostream<_Elem,_Traits> &,const _Elem *)'
C:\Users\gram\Desktop\Development\github\KDT_SF_2nd\MySQL\project\chattingServer\Server_practice.cpp(114,9): message : 'std::basic_ostream<_Elem,_Traits> &std::operator <<(std::basic_ostream<_Elem,_Traits> &,const _Elem *)': 'SOCKET_INFO'에서 'const _Elem *'에 대한 템플릿 인수를 추론할 수 없습니다.
C:\Program Files\Microsoft Visual Studio\2022\Community\VC\Tools\MSVC\14.35.32215\include\ostream(887,32): message : 또는       'std::basic_ostream<_Elem,_Traits> &std::operator <<(std::basic_ostream<_Elem,_Traits> &,_Elem)'
C:\Users\gram\Desktop\Development\github\KDT_SF_2nd\MySQL\project\chattingServer\Server_practice.cpp(114,9): message : 'std::basic_ostream<_Elem,_Traits> &std::operator <<(std::basic_ostream<_Elem,_Traits> &,_Elem)': 템플릿 매개 변수 '_Elem'이(가) 모호합니다.
C:\Users\gram\Desktop\Development\github\KDT_SF_2nd\MySQL\project\chattingServer\Server_practice.cpp(114,9): message : 'SOCKET_INFO'일 수 있습니다.
C:\Users\gram\Desktop\Development\github\KDT_SF_2nd\MySQL\project\chattingServer\Server_practice.cpp(114,9): message : 또는      'char'
C:\Users\gram\Desktop\Development\github\KDT_SF_2nd\MySQL\project\chattingServer\Server_practice.cpp(114,9): message : 'std::basic_ostream<_Elem,_Traits> &std::operator <<(std::basic_ostream<_Elem,_Traits> &,_Elem)': 'SOCKET_INFO'에서 '_Elem'에 대한 템플릿 인수를 추론할 수 없습니다.
C:\Program Files\Microsoft Visual Studio\2022\Community\VC\Tools\MSVC\14.35.32215\include\ostream(923,31): message : 또는       'std::basic_ostream<char,_Traits> &std::operator <<(std::basic_ostream<char,_Traits> &,const signed char *)'
C:\Users\gram\Desktop\Development\github\KDT_SF_2nd\MySQL\project\chattingServer\Server_practice.cpp(114,17): message : '초기화 중': 'SOCKET_INFO'에서 'const signed char *'(으)로 변환할 수 없습니다.
C:\Users\gram\Desktop\Development\github\KDT_SF_2nd\MySQL\project\chattingServer\Server_practice.cpp(114,17): message : 이 변환을 수행할 수 있는 사용 가능한 사용자 정의 변환 연산자가 없거나 연산자를 호출할 수 없습니다.
C:\Program Files\Microsoft Visual Studio\2022\Community\VC\Tools\MSVC\14.35.32215\include\ostream(929,31): message : 또는       'std::basic_ostream<char,_Traits> &std::operator <<(std::basic_ostream<char,_Traits> &,signed char)'
C:\Users\gram\Desktop\Development\github\KDT_SF_2nd\MySQL\project\chattingServer\Server_practice.cpp(114,17): message : '초기화 중': 'SOCKET_INFO'에서 'signed char'(으)로 변환할 수 없습니다.
C:\Users\gram\Desktop\Development\github\KDT_SF_2nd\MySQL\project\chattingServer\Server_practice.cpp(114,17): message : 이 변환을 수행할 수 있는 사용 가능한 사용자 정의 변환 연산자가 없거나 연산자를 호출할 수 없습니다.
C:\Program Files\Microsoft Visual Studio\2022\Community\VC\Tools\MSVC\14.35.32215\include\ostream(934,31): message : 또는       'std::basic_ostream<char,_Traits> &std::operator <<(std::basic_ostream<char,_Traits> &,const unsigned char *)'
C:\Users\gram\Desktop\Development\github\KDT_SF_2nd\MySQL\project\chattingServer\Server_practice.cpp(114,17): message : '초기화 중': 'SOCKET_INFO'에서 'const unsigned char *'(으)로 변환할 수 없습니다.
C:\Users\gram\Desktop\Development\github\KDT_SF_2nd\MySQL\project\chattingServer\Server_practice.cpp(114,17): message : 이 변환을 수행할 수 있는 사용 가능한 사용자 정의 변환 연산자가 없거나 연산자를 호출할 수 없습니다.
C:\Program Files\Microsoft Visual Studio\2022\Community\VC\Tools\MSVC\14.35.32215\include\ostream(940,31): message : 또는       'std::basic_ostream<char,_Traits> &std::operator <<(std::basic_ostream<char,_Traits> &,unsigned char)'
C:\Users\gram\Desktop\Development\github\KDT_SF_2nd\MySQL\project\chattingServer\Server_practice.cpp(114,17): message : '초기화 중': 'SOCKET_INFO'에서 'unsigned char'(으)로 변환할 수 없습니다.
C:\Users\gram\Desktop\Development\github\KDT_SF_2nd\MySQL\project\chattingServer\Server_practice.cpp(114,17): message : 이 변환을 수행할 수 있는 사용 가능한 사용자 정의 변환 연산자가 없거나 연산자를 호출할 수 없습니다.
C:\Program Files\Microsoft Visual Studio\2022\Community\VC\Tools\MSVC\14.35.32215\include\ostream(998,9): message : 또는       '_Ostr &&std::operator <<(_Ostr &&,const _Ty &)'
C:\Users\gram\Desktop\Development\github\KDT_SF_2nd\MySQL\project\chattingServer\Server_practice.cpp(114): message : '_Ostr &&std::operator <<(_Ostr &&,const _Ty &)': '__formal'의 템플릿 인수를 추론할 수 없습니다.
C:\Program Files\Microsoft Visual Studio\2022\Community\VC\Tools\MSVC\14.35.32215\include\ostream(1075,32): message : 또는       'std::basic_ostream<_Elem,_Traits> &std::operator <<(std::basic_ostream<_Elem,_Traits> &,const std::error_code &)'
C:\Users\gram\Desktop\Development\github\KDT_SF_2nd\MySQL\project\chattingServer\Server_practice.cpp(114,17): message : '초기화 중': 'SOCKET_INFO'에서 'const std::error_code &'(으)로 변환할 수 없습니다.
C:\Users\gram\Desktop\Development\github\KDT_SF_2nd\MySQL\project\chattingServer\Server_practice.cpp(114,17): message : 원인: 'SOCKET_INFO'에서 'const std::error_code'(으)로 변환할 수 없습니다.
C:\Users\gram\Desktop\Development\github\KDT_SF_2nd\MySQL\project\chattingServer\Server_practice.cpp(114,17): message : 이 변환을 수행할 수 있는 사용 가능한 사용자 정의 변환 연산자가 없거나 연산자를 호출할 수 없습니다.
C:\Program Files\Microsoft Visual Studio\2022\Community\VC\Tools\MSVC\14.35.32215\include\thread(226,37): message : 또는       'std::basic_ostream<_Elem,_Traits> &std::operator <<(std::basic_ostream<_Elem,_Traits> &,std::thread::id)'
C:\Users\gram\Desktop\Development\github\KDT_SF_2nd\MySQL\project\chattingServer\Server_practice.cpp(114,17): message : '초기화 중': 'SOCKET_INFO'에서 'std::thread::id'(으)로 변환할 수 없습니다.
C:\Users\gram\Desktop\Development\github\KDT_SF_2nd\MySQL\project\chattingServer\Server_practice.cpp(114,17): message : 이 변환을 수행할 수 있는 사용 가능한 사용자 정의 변환 연산자가 없거나 연산자를 호출할 수 없습니다.
C:\Users\gram\Desktop\Development\github\KDT_SF_2nd\MySQL\project\chattingServer\Server_practice.cpp(114,9): message : 인수 목록 '(std::ostream, SOCKET_INFO)'을(를) 일치시키는 동안
